<?xml version="1.0" encoding="UTF-8"?>
<!-- Generated by org.testng.reporters.JUnitReportReporter -->
<testsuite hostname="Brijesh" failures="0" tests="5" name="test.Test1.AppTest" time="24.697" errors="0" timestamp="2022-06-06T17:21:31 EDT" skipped="0">
  <testcase classname="test.Test1.AppTest" name="SelectDropDown" time="6.021"/>
  <system-out/>
  <testcase classname="test.Test1.AppTest" name="NameWithBlues" time="5.282"/>
  <system-out/>
  <testcase classname="test.Test1.AppTest" name="NameWithBlueColor" time="4.502"/>
  <system-out/>
  <testcase classname="test.Test1.AppTest" name="NamesForIdEqualsIntegerAfterDevidedBy2" time="4.373"/>
  <system-out/>
  <testcase classname="test.Test1.AppTest" name="NameWithCondition2And4" time="4.519"/>
  <system-out/>
</testsuite> <!-- test.Test1.AppTest -->
